
****** PlanAhead v14.7
  **** Build 321239 by xbuild on Fri Sep 27 19:31:35 MDT 2013
    ** Copyright 1986-1999, 2001-2013 Xilinx, Inc. All Rights Reserved.

INFO: [Common 17-78] Attempting to get a license: PlanAhead
INFO: [Common 17-290] Got license for PlanAhead
INFO: [Device 21-36] Loading parts and site information from F:/ISE/14.7/ISE_DS/PlanAhead/data/parts/arch.xml
Parsing RTL primitives file [F:/ISE/14.7/ISE_DS/PlanAhead/data/parts/xilinx/rtl/prims/rtl_prims.xml]
Finished parsing RTL primitives file [F:/ISE/14.7/ISE_DS/PlanAhead/data/parts/xilinx/rtl/prims/rtl_prims.xml]
start_gui
source F:/file/homework/Logic_and_computer_design/MANDELBROT-master/mandelbrot1.02_cursor/paste/pa.fromNetlist.tcl
# create_project -name paste -dir "F:/file/homework/Logic_and_computer_design/MANDELBROT-master/mandelbrot1.02_cursor/paste/planAhead_run_3" -part xc7k160tfbg676-2L
# set_property design_mode GateLvl [get_property srcset [current_run -impl]]
# set_property edif_top_file "F:/file/homework/Logic_and_computer_design/MANDELBROT-master/mandelbrot1.02_cursor/paste/top.ngc" [ get_property srcset [ current_run ] ]
# add_files -norecurse { {F:/file/homework/Logic_and_computer_design/MANDELBROT-master/mandelbrot1.02_cursor/paste} {ipcore_dir} }
# add_files [list {ipcore_dir/ram.ncf}] -fileset [get_property constrset [current_run]]
# set_property target_constrs_file "YoDawg.ucf" [current_fileset -constrset]
Adding file 'F:/file/homework/Logic_and_computer_design/MANDELBROT-master/mandelbrot1.02_cursor/paste/YoDawg.ucf' to fileset 'constrs_1'
# add_files [list {YoDawg.ucf}] -fileset [get_property constrset [current_run]]
# link_design
Design is defaulting to srcset: sources_1
Design is defaulting to constrset: constrs_1
Design is defaulting to project part: xc7k160tfbg676-2L
WARNING: [Common 17-175] Failed to make directory to contain cached edif files [F:/file/homework/Logic_and_computer_design/MANDELBROT-master/mandelbrot1.02_cursor/paste/planAhead_run_3/paste.data/cache]

    while executing
"link_design"
    (file "F:/file/homework/Logic_and_computer_design/MANDELBROT-master/mandelbrot1.02_cursor/paste/pa.fromNetlist.tcl" line 11)
exit
ERROR: [Common 17-39] 'stop_gui' failed due to earlier errors.
INFO: [Common 17-206] Exiting PlanAhead at Fri Jan 05 14:27:57 2018...
INFO: [Common 17-83] Releasing license: PlanAhead
